<?xml version="1.0" encoding="UTF-8"?>
<!-- Generated by org.testng.reporters.JUnitXMLReporter -->
<testsuite ignored="0" hostname="ArunHP-MAF1EQ7N" failures="0" tests="4" name="Default test" time="0.257" errors="0" timestamp="2021-12-04T21:25:42 CST">
  <testcase classname="com.testNg.testNgAnnotations" name="Testcase1" time="0.02"/>
  <testcase classname="com.testNg.testNgAnnotations" name="testcase1" time="0.022"/>
  <testcase classname="com.testNg.testNgAnnotations" name="testcase2" time="0.004"/>
  <testcase classname="com.testNg.testNgAnnotations" name="testcase4" time="0.005"/>
</testsuite> <!-- Default test -->
