<?xml version="1.0" encoding="UTF-8"?>
<testng-results ignored="0" total="4" passed="4" failed="0" skipped="0">
  <reporter-output>
  </reporter-output>
  <suite started-at="2021-12-04T21:25:42 CST" name="Default suite" finished-at="2021-12-04T21:25:42 CST" duration-ms="257">
    <groups>
    </groups>
    <test started-at="2021-12-04T21:25:42 CST" name="Default test" finished-at="2021-12-04T21:25:42 CST" duration-ms="257">
      <class name="com.testNg.testNgAnnotations">
        <test-method is-config="true" signature="beforeSuite()[pri:0, instance:com.testNg.testNgAnnotations@69997e9d]" started-at="2021-12-04T21:25:42 CST" name="beforeSuite" finished-at="2021-12-04T21:25:42 CST" duration-ms="24" status="PASS">
          <reporter-output>
          </reporter-output>
        </test-method> <!-- beforeSuite -->
        <test-method is-config="true" signature="beforeTest()[pri:0, instance:com.testNg.testNgAnnotations@69997e9d]" started-at="2021-12-04T21:25:42 CST" name="beforeTest" finished-at="2021-12-04T21:25:42 CST" duration-ms="1" status="PASS">
          <reporter-output>
          </reporter-output>
        </test-method> <!-- beforeTest -->
        <test-method is-config="true" signature="beforeClass()[pri:0, instance:com.testNg.testNgAnnotations@69997e9d]" started-at="2021-12-04T21:25:42 CST" name="beforeClass" finished-at="2021-12-04T21:25:42 CST" duration-ms="1" status="PASS">
          <reporter-output>
          </reporter-output>
        </test-method> <!-- beforeClass -->
        <test-method is-config="true" signature="beforeMethod()[pri:0, instance:com.testNg.testNgAnnotations@69997e9d]" started-at="2021-12-04T21:25:42 CST" name="beforeMethod" finished-at="2021-12-04T21:25:42 CST" duration-ms="9" status="PASS">
          <reporter-output>
          </reporter-output>
        </test-method> <!-- beforeMethod -->
        <test-method signature="Testcase1()[pri:0, instance:com.testNg.testNgAnnotations@69997e9d]" started-at="2021-12-04T21:25:42 CST" name="Testcase1" finished-at="2021-12-04T21:25:42 CST" duration-ms="20" status="PASS">
          <reporter-output>
          </reporter-output>
        </test-method> <!-- Testcase1 -->
        <test-method is-config="true" signature="afterMethod()[pri:0, instance:com.testNg.testNgAnnotations@69997e9d]" started-at="2021-12-04T21:25:42 CST" name="afterMethod" finished-at="2021-12-04T21:25:42 CST" duration-ms="1" status="PASS">
          <reporter-output>
          </reporter-output>
        </test-method> <!-- afterMethod -->
        <test-method is-config="true" signature="beforeMethod()[pri:0, instance:com.testNg.testNgAnnotations@69997e9d]" started-at="2021-12-04T21:25:42 CST" name="beforeMethod" finished-at="2021-12-04T21:25:42 CST" duration-ms="1" status="PASS">
          <reporter-output>
          </reporter-output>
        </test-method> <!-- beforeMethod -->
        <test-method signature="testcase1()[pri:0, instance:com.testNg.testNgAnnotations@69997e9d]" started-at="2021-12-04T21:25:42 CST" name="testcase1" finished-at="2021-12-04T21:25:42 CST" duration-ms="22" status="PASS">
          <reporter-output>
          </reporter-output>
        </test-method> <!-- testcase1 -->
        <test-method is-config="true" signature="afterMethod()[pri:0, instance:com.testNg.testNgAnnotations@69997e9d]" started-at="2021-12-04T21:25:42 CST" name="afterMethod" finished-at="2021-12-04T21:25:42 CST" duration-ms="1" status="PASS">
          <reporter-output>
          </reporter-output>
        </test-method> <!-- afterMethod -->
        <test-method is-config="true" signature="beforeMethod()[pri:0, instance:com.testNg.testNgAnnotations@69997e9d]" started-at="2021-12-04T21:25:42 CST" name="beforeMethod" finished-at="2021-12-04T21:25:42 CST" duration-ms="3" status="PASS">
          <reporter-output>
          </reporter-output>
        </test-method> <!-- beforeMethod -->
        <test-method signature="testcase2()[pri:0, instance:com.testNg.testNgAnnotations@69997e9d]" started-at="2021-12-04T21:25:42 CST" name="testcase2" finished-at="2021-12-04T21:25:42 CST" duration-ms="4" status="PASS">
          <reporter-output>
          </reporter-output>
        </test-method> <!-- testcase2 -->
        <test-method is-config="true" signature="afterMethod()[pri:0, instance:com.testNg.testNgAnnotations@69997e9d]" started-at="2021-12-04T21:25:42 CST" name="afterMethod" finished-at="2021-12-04T21:25:42 CST" duration-ms="5" status="PASS">
          <reporter-output>
          </reporter-output>
        </test-method> <!-- afterMethod -->
        <test-method is-config="true" signature="beforeMethod()[pri:0, instance:com.testNg.testNgAnnotations@69997e9d]" started-at="2021-12-04T21:25:42 CST" name="beforeMethod" finished-at="2021-12-04T21:25:42 CST" duration-ms="4" status="PASS">
          <reporter-output>
          </reporter-output>
        </test-method> <!-- beforeMethod -->
        <test-method signature="testcase4()[pri:0, instance:com.testNg.testNgAnnotations@69997e9d]" started-at="2021-12-04T21:25:42 CST" name="testcase4" finished-at="2021-12-04T21:25:42 CST" duration-ms="5" status="PASS">
          <reporter-output>
          </reporter-output>
        </test-method> <!-- testcase4 -->
        <test-method is-config="true" signature="afterMethod()[pri:0, instance:com.testNg.testNgAnnotations@69997e9d]" started-at="2021-12-04T21:25:42 CST" name="afterMethod" finished-at="2021-12-04T21:25:42 CST" duration-ms="2" status="PASS">
          <reporter-output>
          </reporter-output>
        </test-method> <!-- afterMethod -->
        <test-method is-config="true" signature="afterClass()[pri:0, instance:com.testNg.testNgAnnotations@69997e9d]" started-at="2021-12-04T21:25:42 CST" name="afterClass" finished-at="2021-12-04T21:25:42 CST" duration-ms="2" status="PASS">
          <reporter-output>
          </reporter-output>
        </test-method> <!-- afterClass -->
        <test-method is-config="true" signature="afterTest()[pri:0, instance:com.testNg.testNgAnnotations@69997e9d]" started-at="2021-12-04T21:25:42 CST" name="afterTest" finished-at="2021-12-04T21:25:42 CST" duration-ms="1" status="PASS">
          <reporter-output>
          </reporter-output>
        </test-method> <!-- afterTest -->
        <test-method is-config="true" signature="afterSuite()[pri:0, instance:com.testNg.testNgAnnotations@69997e9d]" started-at="2021-12-04T21:25:43 CST" name="afterSuite" finished-at="2021-12-04T21:25:43 CST" duration-ms="17" status="PASS">
          <reporter-output>
          </reporter-output>
        </test-method> <!-- afterSuite -->
      </class> <!-- com.testNg.testNgAnnotations -->
    </test> <!-- Default test -->
  </suite> <!-- Default suite -->
</testng-results>
